<?xml version="1.0" encoding="UTF-8"?>
<!-- Generated by org.testng.reporters.JUnitXMLReporter -->
<testsuite ignored="2" hostname="mac.lan" failures="5" tests="15" name="login Test" time="26.186" errors="0" timestamp="2024-09-01T15:03:16 EDT">
  <testcase classname="com.neotech.lesson02.EnableAndDisable" name="firstTest" time="0.007"/>
  <testcase classname="com.neotech.lesson02.EnableAndDisable" name="thirdTest" time="0.0"/>
  <testcase classname="com.neotech.lesson02.EnableAndDisable" name="forthTest" time="0.001"/>
  <testcase classname="com.neotech.lesson02.SoftAssertDemo" name="LogoAndLoginValidation" time="0.029">
    <failure type="java.lang.AssertionError" message="Logo is not displayed">
      <![CDATA[java.lang.AssertionError: Logo is not displayed
at com.neotech.lesson02.SoftAssertDemo.LogoAndLoginValidation(SoftAssertDemo.java:39)
at java.base/java.util.ArrayList.forEach(ArrayList.java:1596)
... Removed 27 stack frames]]>
    </failure>
  </testcase> <!-- LogoAndLoginValidation -->
  <testcase classname="com.neotech.lesson02.AssertDemo" name="logoValidation" time="0.021">
    <failure type="java.lang.AssertionError" message=" Logo is not displayed">
      <![CDATA[java.lang.AssertionError:  Logo is not displayed
at com.neotech.lesson02.AssertDemo.logoValidation(AssertDemo.java:68)
at java.base/java.util.ArrayList.forEach(ArrayList.java:1596)
... Removed 27 stack frames]]>
    </failure>
  </testcase> <!-- logoValidation -->
  <testcase classname="com.neotech.lesson02.HW01" name="loginValidation" time="2.6"/>
  <testcase classname="com.neotech.lesson02.HW01" name="negativeLoginValidation" time="12.904">
    <failure type="org.openqa.selenium.NoSuchElementException" message="no such element: Unable to locate element: {&amp;quot;method&amp;quot;:&amp;quot;css selector&amp;quot;,&amp;quot;selector&amp;quot;:&amp;quot;#txtPassword\-error&amp;quot;}
  (Session info: chrome=128.0.6613.113)
For documentation on this error, please visit: https://www.selenium.dev/documentation/webdriver/troubleshooting/errors#no-such-element-exception
Build info: version: &amp;apos;4.23.0&amp;apos;, revision: &amp;apos;4df0a231af&amp;apos;
System info: os.name: &amp;apos;Mac OS X&amp;apos;, os.arch: &amp;apos;aarch64&amp;apos;, os.version: &amp;apos;15.1&amp;apos;, java.version: &amp;apos;21.0.2&amp;apos;
Driver info: org.openqa.selenium.chrome.ChromeDriver
Command: [5dd162c92f9f9f0b837b5eacb2291cb9, findElement {value=txtPassword-error, using=id}]
Capabilities {acceptInsecureCerts: false, browserName: chrome, browserVersion: 128.0.6613.113, chrome: {chromedriverVersion: 128.0.6613.86 (3045ed680fda..., userDataDir: /var/folders/1v/cbtb9qw96ns...}, fedcm:accounts: true, goog:chromeOptions: {debuggerAddress: localhost:56141}, networkConnectionEnabled: false, pageLoadStrategy: normal, platformName: mac, proxy: Proxy(), se:cdp: ws://localhost:56141/devtoo..., se:cdpVersion: 128.0.6613.113, setWindowRect: true, strictFileInteractability: false, timeouts: {implicit: 0, pageLoad: 300000, script: 30000}, unhandledPromptBehavior: dismiss and notify, webauthn:extension:credBlob: true, webauthn:extension:largeBlob: true, webauthn:extension:minPinLength: true, webauthn:extension:prf: true, webauthn:virtualAuthenticators: true}
Session ID: 5dd162c92f9f9f0b837b5eacb2291cb9">
      <![CDATA[org.openqa.selenium.NoSuchElementException: no such element: Unable to locate element: {"method":"css selector","selector":"#txtPassword\-error"}
  (Session info: chrome=128.0.6613.113)
For documentation on this error, please visit: https://www.selenium.dev/documentation/webdriver/troubleshooting/errors#no-such-element-exception
Build info: version: '4.23.0', revision: '4df0a231af'
System info: os.name: 'Mac OS X', os.arch: 'aarch64', os.version: '15.1', java.version: '21.0.2'
Driver info: org.openqa.selenium.chrome.ChromeDriver
Command: [5dd162c92f9f9f0b837b5eacb2291cb9, findElement {value=txtPassword-error, using=id}]
Capabilities {acceptInsecureCerts: false, browserName: chrome, browserVersion: 128.0.6613.113, chrome: {chromedriverVersion: 128.0.6613.86 (3045ed680fda..., userDataDir: /var/folders/1v/cbtb9qw96ns...}, fedcm:accounts: true, goog:chromeOptions: {debuggerAddress: localhost:56141}, networkConnectionEnabled: false, pageLoadStrategy: normal, platformName: mac, proxy: Proxy(), se:cdp: ws://localhost:56141/devtoo..., se:cdpVersion: 128.0.6613.113, setWindowRect: true, strictFileInteractability: false, timeouts: {implicit: 0, pageLoad: 300000, script: 30000}, unhandledPromptBehavior: dismiss and notify, webauthn:extension:credBlob: true, webauthn:extension:largeBlob: true, webauthn:extension:minPinLength: true, webauthn:extension:prf: true, webauthn:virtualAuthenticators: true}
Session ID: 5dd162c92f9f9f0b837b5eacb2291cb9
at org.openqa.selenium.remote.ErrorCodec.decode(ErrorCodec.java:167)
at org.openqa.selenium.remote.codec.w3c.W3CHttpResponseCodec.decode(W3CHttpResponseCodec.java:138)
at org.openqa.selenium.remote.codec.w3c.W3CHttpResponseCodec.decode(W3CHttpResponseCodec.java:50)
at org.openqa.selenium.remote.HttpCommandExecutor.execute(HttpCommandExecutor.java:190)
at org.openqa.selenium.remote.service.DriverCommandExecutor.invokeExecute(DriverCommandExecutor.java:216)
at org.openqa.selenium.remote.service.DriverCommandExecutor.execute(DriverCommandExecutor.java:174)
at org.openqa.selenium.remote.RemoteWebDriver.execute(RemoteWebDriver.java:527)
at org.openqa.selenium.remote.ElementLocation$ElementFinder$2.findElement(ElementLocation.java:165)
at org.openqa.selenium.remote.ElementLocation.findElement(ElementLocation.java:59)
at org.openqa.selenium.remote.RemoteWebDriver.findElement(RemoteWebDriver.java:357)
at org.openqa.selenium.remote.RemoteWebDriver.findElement(RemoteWebDriver.java:351)
at com.neotech.lesson02.HW01.negativeLoginValidation(HW01.java:42)
at java.base/java.util.ArrayList.forEach(ArrayList.java:1596)
... Removed 28 stack frames]]>
    </failure>
  </testcase> <!-- negativeLoginValidation -->
  <testcase classname="com.neotech.lesson02.DependsDemo" name="firstTest" time="0.001"/>
  <testcase classname="com.neotech.lesson02.DependsDemo" name="forthTest" time="0.0">
    <failure type="java.lang.Exception">
      <![CDATA[java.lang.Exception
at com.neotech.lesson02.DependsDemo.forthTest(DependsDemo.java:32)
at java.base/java.util.ArrayList.forEach(ArrayList.java:1596)
... Removed 25 stack frames]]>
    </failure>
  </testcase> <!-- forthTest -->
  <testcase classname="com.neotech.lesson02.DependsDemo" name="secondTest" time="0.0">
    <failure type="java.lang.Exception">
      <![CDATA[java.lang.Exception
at com.neotech.lesson02.DependsDemo.secondTest(DependsDemo.java:19)
at java.base/java.util.ArrayList.forEach(ArrayList.java:1596)
... Removed 25 stack frames]]>
    </failure>
  </testcase> <!-- secondTest -->
  <testcase classname="com.neotech.lesson02.DependsDemo" name="thirdTest" time="0.0">
    <skipped/>
  </testcase> <!-- thirdTest -->
  <testcase classname="com.neotech.lesson02.PriorityDemo" name="firstTest" time="0.001"/>
  <testcase classname="com.neotech.lesson02.PriorityDemo" name="secondTest" time="0.0"/>
  <testcase classname="com.neotech.lesson02.PriorityDemo" name="thirdTest" time="0.0"/>
  <testcase classname="com.neotech.lesson02.PriorityDemo" name="forthTest" time="0.001"/>
  <testcase classname="com.neotech.lesson02.EnableAndDisable" name="secondTest" time="0.0">
    <ignored/>
  </testcase> <!-- secondTest -->
  <testcase classname="com.neotech.lesson02.AssertDemo" name="titleValidation" time="0.0">
    <ignored/>
  </testcase> <!-- titleValidation -->
</testsuite> <!-- login Test -->
